<?xml version="1.0" encoding="UTF-8"?>
<!-- Generated by org.testng.reporters.JUnitXMLReporter -->
<testsuite hostname="Jacquelines-MacBook-Air.local" ignored="0" name="RestAssured Test" tests="5" failures="0" timestamp="01 Jul 2018 14:08:18 GMT" time="5.111" errors="0">
  <testcase name="readTweets" time="2.563" classname="com.jacapi.statuses.UserTimelineTest"/>
  <testcase name="readTweets1" time="0.431" classname="com.jacapi.statuses.UserTimelineTest"/>
  <testcase name="postTweet" time="0.513" classname="com.jacapi.statuses.EndToEndTwitterWorkFlow"/>
  <testcase name="readTweet" time="0.399" classname="com.jacapi.statuses.EndToEndTwitterWorkFlow"/>
  <testcase name="deleteTweet" time="0.37" classname="com.jacapi.statuses.EndToEndTwitterWorkFlow"/>
</testsuite> <!-- RestAssured Test -->
