<?xml version="1.0" encoding="UTF-8"?>
<testng-results skipped="0" failed="0" ignored="0" total="3" passed="3">
  <reporter-output>
  </reporter-output>
  <suite name="Default suite" duration-ms="3787" started-at="2018-09-30T14:02:42Z" finished-at="2018-09-30T14:02:46Z">
    <groups>
    </groups>
    <test name="Default test" duration-ms="3787" started-at="2018-09-30T14:02:42Z" finished-at="2018-09-30T14:02:46Z">
      <class name="com.jacapi.statuses.EndToEndTwitterWorkFlow">
        <test-method status="PASS" signature="setup()[pri:0, instance:com.jacapi.statuses.EndToEndTwitterWorkFlow@46d56d67]" name="setup" is-config="true" duration-ms="637" started-at="2018-09-30T15:02:42Z" finished-at="2018-09-30T15:02:43Z">
          <reporter-output>
          </reporter-output>
        </test-method> <!-- setup -->
        <test-method status="PASS" signature="postTweet()[pri:0, instance:com.jacapi.statuses.EndToEndTwitterWorkFlow@46d56d67]" name="postTweet" duration-ms="2290" started-at="2018-09-30T15:02:43Z" finished-at="2018-09-30T15:02:45Z">
          <reporter-output>
          </reporter-output>
        </test-method> <!-- postTweet -->
        <test-method status="PASS" signature="readTweet()[pri:0, instance:com.jacapi.statuses.EndToEndTwitterWorkFlow@46d56d67]" name="readTweet" duration-ms="432" started-at="2018-09-30T15:02:45Z" depends-on-methods="com.jacapi.statuses.EndToEndTwitterWorkFlow.postTweet" finished-at="2018-09-30T15:02:46Z">
          <reporter-output>
          </reporter-output>
        </test-method> <!-- readTweet -->
        <test-method status="PASS" signature="deleteTweet()[pri:0, instance:com.jacapi.statuses.EndToEndTwitterWorkFlow@46d56d67]" name="deleteTweet" duration-ms="397" started-at="2018-09-30T15:02:46Z" depends-on-methods="com.jacapi.statuses.EndToEndTwitterWorkFlow.readTweet" finished-at="2018-09-30T15:02:46Z">
          <reporter-output>
          </reporter-output>
        </test-method> <!-- deleteTweet -->
      </class> <!-- com.jacapi.statuses.EndToEndTwitterWorkFlow -->
    </test> <!-- Default test -->
  </suite> <!-- Default suite -->
</testng-results>
