<?xml version="1.0" encoding="UTF-8"?>
<!-- Generated by org.testng.reporters.JUnitXMLReporter -->
<testsuite hostname="Jacquelines-Air" ignored="0" name="Default test" tests="3" failures="0" timestamp="30 Sep 2018 14:02:46 GMT" time="3.787" errors="0">
  <testcase name="postTweet" time="2.29" classname="com.jacapi.statuses.EndToEndTwitterWorkFlow"/>
  <testcase name="readTweet" time="0.432" classname="com.jacapi.statuses.EndToEndTwitterWorkFlow"/>
  <testcase name="deleteTweet" time="0.397" classname="com.jacapi.statuses.EndToEndTwitterWorkFlow"/>
</testsuite> <!-- Default test -->
